<?xml version="1.0" encoding="UTF-8"?>
<testsuite xmlns:xsi="http://www.w3.org/2001/XMLSchema-instance" xsi:noNamespaceSchemaLocation="https://maven.apache.org/surefire/maven-surefire-plugin/xsd/surefire-test-report-3.0.xsd" version="3.0" name="businesslogic.api.customer.TicketImplTest" time="0.038" tests="5" errors="0" skipped="0" failures="0">
  <properties>
[...]
</properties>
  <testcase name="getTicketOwner" classname="businesslogic.api.customer.TicketImplTest" time="0.001"/>
  <testcase name="getTicketID" classname="businesslogic.api.customer.TicketImplTest" time="0.001"/>
  <testcase name="getSeat" classname="businesslogic.api.customer.TicketImplTest" time="0.001"/>
  <testcase name="getFlight" classname="businesslogic.api.customer.TicketImplTest" time="0.001"/>
  <testcase name="getRouteDescription" classname="businesslogic.api.customer.TicketImplTest" time="0.001"/>
</testsuite>