<?xml version="1.0" encoding="UTF-8"?>
<testsuite xmlns:xsi="http://www.w3.org/2001/XMLSchema-instance" xsi:noNamespaceSchemaLocation="https://maven.apache.org/surefire/maven-surefire-plugin/xsd/surefire-test-report-3.0.xsd" version="3.0" name="gui.GUIAppTest" time="3.759" tests="1" errors="1" skipped="0" failures="0">
  <properties>
[...]
</properties>
  <testcase name="testAddCustomer(FxRobot)" classname="gui.GUIAppTest" time="3.702">
    <error message="the query &quot;#firstName&quot; returned no nodes." type="org.testfx.api.FxRobotException"><![CDATA[org.testfx.api.FxRobotException: the query "#firstName" returned no nodes.
	at gui_module@1.0-SNAPSHOT/gui.GUIAppTest.testAddCustomer(GUIAppTest.java:60)
]]></error>
  </testcase>
</testsuite>